	Exporter version: 4.6.1, Blender version: 2.78 (sub 0)
========= Conversion from Blender to Babylon.js =========
	Scene settings used:
		selected layers only:  false
		flat shading entire scene:  false
		inline textures:  false
		texture directory:  C:\Users\best\Documents\1_Important Stuff\3D Gaming\
	Python World class constructor completed
	processing begun of mesh:  Plane
		processing begun of Standard material:  Material.005
			WARNING: Mesh has no UV maps, material:  "Texture.003" ignored
		num positions      :  4225
		num normals        :  4225
		num uvs            :  0
		num uvs2           :  0
		num colors         :  0
		num indices        :  24570
	processing begun of node:  spawnPoint
	processing begun of node:  playerPosition
	processing begun of camera (FreeCamera):  Camera
	processing begun of mesh:  Plane.002
		processing begun of Standard material:  Material.004
			WARNING: Mesh has no UV maps, material:  "Texture.002" ignored
		num positions      :  16630
		num normals        :  16630
		num uvs            :  0
		num uvs2           :  0
		num colors         :  0
		num indices        :  98160
	processing begun of mesh:  Cube.001
		WARNING: No materials have been assigned: 
		num positions      :  8
		num normals        :  8
		num uvs            :  0
		num uvs2           :  0
		num colors         :  0
		num indices        :  36
	processing begun of mesh:  Cube
		WARNING: No materials have been assigned: 
		num positions      :  0
		num normals        :  0
		num uvs            :  0
		num uvs2           :  0
		num colors         :  0
		num indices        :  0
	processing begun of mesh:  player
		processing begun of Standard material:  Material.002
			Diffuse texture found "Texture.001"
				Image texture found, type:  diffuseTexture, mapped using: "UVMap"
		num positions      :  492
		num normals        :  492
		num uvs            :  984
		num uvs2           :  0
		num colors         :  0
		num indices        :  2880
	processing begun of mesh:  Plane.001
		processing begun of Standard material:  Material
			Diffuse texture found "Tex"
				Image texture found, type:  diffuseTexture, mapped using: "UVMap"
		num positions      :  4200
		num normals        :  4200
		num uvs            :  8400
		num uvs2           :  0
		num colors         :  0
		num indices        :  24360
	processing begun of mesh:  level1Limit
		WARNING: No materials have been assigned: 
		num positions      :  8
		num normals        :  8
		num uvs            :  0
		num uvs2           :  0
		num colors         :  0
		num indices        :  36
	processing begun of mesh:  Cube.003
		WARNING: No materials have been assigned: 
		num positions      :  8
		num normals        :  8
		num uvs            :  0
		num uvs2           :  0
		num colors         :  0
		num indices        :  36
	processing begun of mesh:  level2Limit
		WARNING: No materials have been assigned: 
		num positions      :  8
		num normals        :  8
		num uvs            :  0
		num uvs2           :  0
		num colors         :  0
		num indices        :  36
	processing begun of node:  spawnPoint2
	processing begun of mesh:  Cube.002
		WARNING: No materials have been assigned: 
		num positions      :  8
		num normals        :  8
		num uvs            :  0
		num uvs2           :  0
		num colors         :  0
		num indices        :  36
	processing begun of mesh:  Cube.004
		WARNING: No materials have been assigned: 
		num positions      :  8
		num normals        :  8
		num uvs            :  0
		num uvs2           :  0
		num colors         :  0
		num indices        :  36
	processing begun of mesh:  level1Limit.001
		WARNING: No materials have been assigned: 
		num positions      :  8
		num normals        :  8
		num uvs            :  0
		num uvs2           :  0
		num colors         :  0
		num indices        :  36
	processing begun of mesh:  Cube.005
		processing begun of Standard material:  Material.006
			Diffuse texture found "Tex.005"
				Image texture found, type:  diffuseTexture, mapped using: "UVMap"
		num positions      :  16
		num normals        :  16
		num uvs            :  32
		num uvs2           :  0
		num colors         :  0
		num indices        :  36
	processing begun of light (POINT):  Lamp
========= Writing of scene file started =========
========= Writing of scene file completed =========
========= end of processing =========
elapsed time:  0 min, 2.4875 secs
