	Exporter version: 4.6.1, Blender version: 2.78 (sub 0)
========= Conversion from Blender to Babylon.js =========
	Scene settings used:
		selected layers only:  false
		flat shading entire scene:  true
		inline textures:  false
		texture directory:  C:\Users\Link\Documents\GitHub\BlenderBabylonExporter\blenderFiles\
	Python World class constructor completed
	processing begun of mesh:  Cube.002
		WARNING: No materials have been assigned: 
		num positions      :  36
		num normals        :  36
		num uvs            :  0
		num uvs2           :  0
		num colors         :  0
		num indices        :  36
	processing begun of mesh:  Cube
		processing begun of Standard material:  Material.009
		num positions      :  36
		num normals        :  36
		num uvs            :  0
		num uvs2           :  0
		num colors         :  0
		num indices        :  36
	processing begun of mesh:  Sphere
		processing begun of Standard material:  Material.005
		processing begun of Standard material:  Material.004
		processing begun of multimaterial:  Bouncy.Multimaterial#0
		num positions      :  2880
		num normals        :  2880
		num uvs            :  0
		num uvs2           :  0
		num colors         :  0
		num indices        :  2880
	processing begun of mesh:  Plane
		processing begun of Standard material:  Material.003
		num positions      :  6
		num normals        :  6
		num uvs            :  0
		num uvs2           :  0
		num colors         :  0
		num indices        :  6
	processing begun of camera (FreeCamera):  Camera
	processing begun of mesh:  Sphere.002
		processing begun of Standard material:  Material.006
		processing begun of Standard material:  Material.007
		processing begun of multimaterial:  Bouncy.Multimaterial#1
		num positions      :  2880
		num normals        :  2880
		num uvs            :  0
		num uvs2           :  0
		num colors         :  0
		num indices        :  2880
	processing begun of mesh:  Sphere.003
		processing begun of Standard material:  Material.008
		processing begun of Standard material:  Material.010
		processing begun of multimaterial:  Bouncy.Multimaterial#2
		num positions      :  2880
		num normals        :  2880
		num uvs            :  0
		num uvs2           :  0
		num colors         :  0
		num indices        :  2880
	processing begun of mesh:  Sphere.001
		processing begun of Standard material:  Material.014
		processing begun of Standard material:  Material.015
		processing begun of multimaterial:  Bouncy.Multimaterial#3
		num positions      :  2880
		num normals        :  2880
		num uvs            :  0
		num uvs2           :  0
		num colors         :  0
		num indices        :  2880
	processing begun of mesh:  Cylinder
		processing begun of Standard material:  mat_tree
			Diffuse texture found "Texture"
				Image texture found, type:  diffuseTexture, mapped using: "UVMap"
		num positions      :  930
		num normals        :  930
		num uvs            :  1860
		num uvs2           :  0
		num colors         :  3720
		num indices        :  930
	processing begun of mesh:  Cylinder.001
		processing begun of Standard material:  mat_tree.001
			Diffuse texture found "Texture.001"
				Image texture found, type:  diffuseTexture, mapped using: "UVMap"
		num positions      :  930
		num normals        :  930
		num uvs            :  1860
		num uvs2           :  0
		num colors         :  3720
		num indices        :  930
	processing begun of mesh:  Cylinder.002
		processing begun of Standard material:  mat_tree.002
			Diffuse texture found "Texture.002"
				Image texture found, type:  diffuseTexture, mapped using: "UVMap"
		num positions      :  930
		num normals        :  930
		num uvs            :  1860
		num uvs2           :  0
		num colors         :  3720
		num indices        :  930
	processing begun of mesh:  Cylinder.003
		processing begun of Standard material:  mat_tree.003
			Diffuse texture found "Texture.003"
				Image texture found, type:  diffuseTexture, mapped using: "UVMap"
		num positions      :  930
		num normals        :  930
		num uvs            :  1860
		num uvs2           :  0
		num colors         :  3720
		num indices        :  930
	processing begun of mesh:  Cylinder.004
		processing begun of Standard material:  mat_tree.004
			Diffuse texture found "Texture.004"
				Image texture found, type:  diffuseTexture, mapped using: "UVMap"
		num positions      :  930
		num normals        :  930
		num uvs            :  1860
		num uvs2           :  0
		num colors         :  3720
		num indices        :  930
	processing begun of mesh:  Cylinder.005
		processing begun of Standard material:  mat_tree.005
			Diffuse texture found "Texture.005"
				Image texture found, type:  diffuseTexture, mapped using: "UVMap"
		num positions      :  930
		num normals        :  930
		num uvs            :  1860
		num uvs2           :  0
		num colors         :  3720
		num indices        :  930
	processing begun of mesh:  Cylinder.006
		processing begun of Standard material:  mat_tree.006
			Diffuse texture found "Texture.006"
				Image texture found, type:  diffuseTexture, mapped using: "UVMap"
		num positions      :  930
		num normals        :  930
		num uvs            :  1860
		num uvs2           :  0
		num colors         :  3720
		num indices        :  930
	processing begun of mesh:  Cylinder.007
		processing begun of Standard material:  mat_tree.007
			Diffuse texture found "Texture.007"
				Image texture found, type:  diffuseTexture, mapped using: "UVMap"
		num positions      :  930
		num normals        :  930
		num uvs            :  1860
		num uvs2           :  0
		num colors         :  3720
		num indices        :  930
	processing begun of mesh:  Cylinder.008
		processing begun of Standard material:  mat_tree.008
			Diffuse texture found "Texture.008"
				Image texture found, type:  diffuseTexture, mapped using: "UVMap"
		num positions      :  930
		num normals        :  930
		num uvs            :  1860
		num uvs2           :  0
		num colors         :  3720
		num indices        :  930
	processing begun of mesh:  Cylinder.009
		processing begun of Standard material:  mat_tree.009
			Diffuse texture found "Texture.009"
				Image texture found, type:  diffuseTexture, mapped using: "UVMap"
		num positions      :  930
		num normals        :  930
		num uvs            :  1860
		num uvs2           :  0
		num colors         :  3720
		num indices        :  930
	processing begun of mesh:  Cylinder.014
		processing begun of Standard material:  mat_tree.014
			Diffuse texture found "Texture.014"
				Image texture found, type:  diffuseTexture, mapped using: "UVMap"
		num positions      :  930
		num normals        :  930
		num uvs            :  1860
		num uvs2           :  0
		num colors         :  3720
		num indices        :  930
	processing begun of mesh:  Cylinder.015
		processing begun of Standard material:  mat_tree.015
			Diffuse texture found "Texture.015"
				Image texture found, type:  diffuseTexture, mapped using: "UVMap"
		num positions      :  930
		num normals        :  930
		num uvs            :  1860
		num uvs2           :  0
		num colors         :  3720
		num indices        :  930
	processing begun of mesh:  Cylinder.016
		processing begun of Standard material:  mat_tree.016
			Diffuse texture found "Texture.016"
				Image texture found, type:  diffuseTexture, mapped using: "UVMap"
		num positions      :  930
		num normals        :  930
		num uvs            :  1860
		num uvs2           :  0
		num colors         :  3720
		num indices        :  930
	processing begun of mesh:  Cylinder.017
		processing begun of Standard material:  mat_tree.017
			Diffuse texture found "Texture.017"
				Image texture found, type:  diffuseTexture, mapped using: "UVMap"
		num positions      :  930
		num normals        :  930
		num uvs            :  1860
		num uvs2           :  0
		num colors         :  3720
		num indices        :  930
	processing begun of mesh:  Cylinder.018
		processing begun of Standard material:  mat_tree.018
			Diffuse texture found "Texture.018"
				Image texture found, type:  diffuseTexture, mapped using: "UVMap"
		num positions      :  930
		num normals        :  930
		num uvs            :  1860
		num uvs2           :  0
		num colors         :  3720
		num indices        :  930
	processing begun of mesh:  Cylinder.019
		processing begun of Standard material:  mat_tree.019
			Diffuse texture found "Texture.019"
				Image texture found, type:  diffuseTexture, mapped using: "UVMap"
		num positions      :  930
		num normals        :  930
		num uvs            :  1860
		num uvs2           :  0
		num colors         :  3720
		num indices        :  930
	processing begun of mesh:  Cylinder.020
		processing begun of Standard material:  mat_tree.020
			Diffuse texture found "Texture.020"
				Image texture found, type:  diffuseTexture, mapped using: "UVMap"
		num positions      :  930
		num normals        :  930
		num uvs            :  1860
		num uvs2           :  0
		num colors         :  3720
		num indices        :  930
	processing begun of mesh:  Cylinder.021
		processing begun of Standard material:  mat_tree.021
			Diffuse texture found "Texture.021"
				Image texture found, type:  diffuseTexture, mapped using: "UVMap"
		num positions      :  930
		num normals        :  930
		num uvs            :  1860
		num uvs2           :  0
		num colors         :  3720
		num indices        :  930
	processing begun of mesh:  Cylinder.022
		processing begun of Standard material:  mat_tree.022
			Diffuse texture found "Texture.022"
				Image texture found, type:  diffuseTexture, mapped using: "UVMap"
		num positions      :  930
		num normals        :  930
		num uvs            :  1860
		num uvs2           :  0
		num colors         :  3720
		num indices        :  930
	processing begun of mesh:  Cube.001
		processing begun of Standard material:  mat_walker
			Diffuse texture found "Texture.023"
				Image texture found, type:  diffuseTexture, mapped using: "UVMap"
		num positions      :  144
		num normals        :  144
		num uvs            :  288
		num uvs2           :  0
		num colors         :  576
		num indices        :  144
	processing begun of mesh:  Cylinder.010
		processing begun of Standard material:  mat_tree.023
			Diffuse texture found "Texture.024"
				Image texture found, type:  diffuseTexture, mapped using: "UVMap"
		num positions      :  930
		num normals        :  930
		num uvs            :  1860
		num uvs2           :  0
		num colors         :  3720
		num indices        :  930
	processing begun of mesh:  Cylinder.011
		processing begun of Standard material:  mat_tree.024
			Diffuse texture found "Texture.025"
				Image texture found, type:  diffuseTexture, mapped using: "UVMap"
		num positions      :  930
		num normals        :  930
		num uvs            :  1860
		num uvs2           :  0
		num colors         :  3720
		num indices        :  930
	processing begun of mesh:  Cylinder.012
		processing begun of Standard material:  mat_tree.025
			Diffuse texture found "Texture.026"
				Image texture found, type:  diffuseTexture, mapped using: "UVMap"
		num positions      :  930
		num normals        :  930
		num uvs            :  1860
		num uvs2           :  0
		num colors         :  3720
		num indices        :  930
	processing begun of mesh:  Cylinder.013
		processing begun of Standard material:  mat_tree.026
			Diffuse texture found "Texture.027"
				Image texture found, type:  diffuseTexture, mapped using: "UVMap"
		num positions      :  930
		num normals        :  930
		num uvs            :  1860
		num uvs2           :  0
		num colors         :  3720
		num indices        :  930
	processing begun of mesh:  Cube.003
		WARNING: No materials have been assigned: 
		num positions      :  36
		num normals        :  36
		num uvs            :  0
		num uvs2           :  0
		num colors         :  0
		num indices        :  36
	processing begun of light (SUN):  Lamp
========= Writing of scene file started =========
========= Writing of scene file completed =========
========= end of processing =========
elapsed time:  0 min, 1.9803 secs
