	Exporter version: 4.6.1, Blender version: 2.78 (sub 0)
========= Conversion from Blender to Babylon.js =========
	Scene settings used:
		selected layers only:  false
		flat shading entire scene:  false
		inline textures:  false
		texture directory:  C:\Users\Link\Documents\GitHub\BlenderBabylonExporter\blenderFiles\
	Python World class constructor completed
	processing begun of mesh:  Plane.002
		WARNING: No materials have been assigned: 
		num positions      :  4
		num normals        :  4
		num uvs            :  0
		num uvs2           :  0
		num colors         :  0
		num indices        :  6
	processing begun of mesh:  Cube.001
		WARNING: No materials have been assigned: 
		num positions      :  8
		num normals        :  8
		num uvs            :  0
		num uvs2           :  0
		num colors         :  0
		num indices        :  36
	processing begun of mesh:  Cube
		WARNING: No materials have been assigned: 
		num positions      :  0
		num normals        :  0
		num uvs            :  0
		num uvs2           :  0
		num colors         :  0
		num indices        :  0
	processing begun of mesh:  player
		WARNING: No materials have been assigned: 
		num positions      :  482
		num normals        :  482
		num uvs            :  0
		num uvs2           :  0
		num colors         :  0
		num indices        :  2880
	processing begun of camera (FreeCamera):  Camera
	processing begun of mesh:  Plane.001
		processing begun of Standard material:  Material
			Diffuse texture found "Tex"
				Image texture found, type:  diffuseTexture, mapped using: "UVMap"
		num positions      :  4200
		num normals        :  4200
		num uvs            :  8400
		num uvs2           :  0
		num colors         :  0
		num indices        :  24360
	processing begun of mesh:  Plane
		processing begun of baked material:  Plane
			Cycles baking texture, type: DIFFUSE_COLOR, mapped using: UVMap
========= An error was encountered =========
  File "C:\Users\Link\AppData\Roaming\Blender Foundation\Blender\2.78\scripts\addons\babylonSceneExport.py", line 330, in execute
    mesh = Mesh(object, scene, nextStartFace, forcedParent, nameID, self)
  File "C:\Users\Link\AppData\Roaming\Blender Foundation\Blender\2.78\scripts\addons\babylonSceneExport.py", line 787, in __init__
    bakedMat = BakedMaterial(exporter, object, recipe)
  File "C:\Users\Link\AppData\Roaming\Blender Foundation\Blender\2.78\scripts\addons\babylonSceneExport.py", line 2135, in __init__
    self.bake('diffuseTexture', 'DIFFUSE_COLOR', 'TEXTURE', image, mesh, uvName, exporter, recipe)
  File "C:\Users\Link\AppData\Roaming\Blender Foundation\Blender\2.78\scripts\addons\babylonSceneExport.py", line 2167, in bake
    self.bakeCycles(cycles_type, image, uvName, recipe.nodeTrees)
  File "C:\Users\Link\AppData\Roaming\Blender Foundation\Blender\2.78\scripts\addons\babylonSceneExport.py", line 2215, in bakeCycles
    bpy.ops.object.bake(type = bake_type, use_clear = True, margin = 5, use_selected_to_active = False)
  File "C:\Program Files\Blender Foundation\Blender\2.78\scripts\modules\bpy\ops.py", line 189, in __call__
    ret = op_call(self.idname_py(), None, kw)
ERROR:  Converting py args to operator properties:  enum "DIFFUSE_COLOR" not found in ('COMBINED', 'AO', 'SHADOW', 'NORMAL', 'UV', 'EMIT', 'ENVIRONMENT', 'DIFFUSE', 'GLOSSY', 'TRANSMISSION', 'SUBSURFACE')
========= end of processing =========
elapsed time:  0 min, 0.2527 secs
